<?xml version="1.0" encoding="UTF-8"?>
<!-- Generated by org.testng.reporters.JUnitReportReporter -->
<testsuite hostname="LAPTOP-GHJLQMFV" failures="0" tests="1" name="com.crm.comcast.OrganizationsTest.CreateContactSwitch" time="36.221" errors="0" timestamp="2021-11-08T14:57:39 IST" skipped="0">
  <testcase classname="com.crm.comcast.OrganizationsTest.CreateContactSwitch" name="CreateCon" time="36.221"/>
  <system-out/>
</testsuite> <!-- com.crm.comcast.OrganizationsTest.CreateContactSwitch -->
