<?xml version="1.0" encoding="UTF-8"?>
<!-- Generated by org.testng.reporters.JUnitReportReporter -->
<testsuite hostname="LAPTOP-GHJLQMFV" failures="0" tests="3" name="practice.BookTicket" time="16.468" errors="0" timestamp="2021-11-08T10:44:04 IST" skipped="0">
  <testcase classname="practice.BookTicket" name="bookTicketTest" time="5.805"/>
  <system-out/>
  <testcase classname="practice.BookTicket" name="bookTicketTest" time="5.723"/>
  <system-out/>
  <testcase classname="practice.BookTicket" name="bookTicketTest" time="4.940"/>
  <system-out/>
</testsuite> <!-- practice.BookTicket -->
