<?xml version="1.0" encoding="UTF-8"?>
<!-- Generated by org.testng.reporters.JUnitReportReporter -->
<testsuite hostname="LAPTOP-GHJLQMFV" failures="0" tests="1" name="Properties.OrganizationIndustryandTypeTest" time="15.333" errors="0" timestamp="2021-10-30T15:53:07 IST" skipped="0">
  <testcase classname="Properties.OrganizationIndustryandTypeTest" name="Create" time="15.333"/>
  <system-out/>
</testsuite> <!-- Properties.OrganizationIndustryandTypeTest -->
