<?xml version="1.0" encoding="UTF-8"?>
<!-- Generated by org.testng.reporters.JUnitReportReporter -->
<testsuite hostname="LAPTOP-GHJLQMFV" failures="0" tests="1" name="practice.MakeMyTrip" time="53.339" errors="0" timestamp="2021-11-09T12:41:23 IST" skipped="0">
  <testcase classname="practice.MakeMyTrip" name="MakeTrip" time="53.339"/>
  <system-out/>
</testsuite> <!-- practice.MakeMyTrip -->
