<?xml version="1.0" encoding="UTF-8"?>
<!-- Generated by org.testng.reporters.JUnitReportReporter -->
<testsuite hostname="LAPTOP-GHJLQMFV" failures="0" tests="1" name="practice.MakeMyTripFuturedate" time="45.900" errors="0" timestamp="2021-11-09T14:39:12 IST" skipped="0">
  <testcase classname="practice.MakeMyTripFuturedate" name="TripFuture" time="45.900"/>
  <system-out/>
</testsuite> <!-- practice.MakeMyTripFuturedate -->
